C51 COMPILER V9.01   KEYBOARD                                                              10/23/2020 19:21:19 PAGE 1   


C51 COMPILER V9.01, COMPILATION OF MODULE KEYBOARD
OBJECT MODULE PLACED IN keyboard.OBJ
COMPILER INVOKED BY: C:\Program Files\Keil\C51\BIN\C51.EXE keyboard.c BROWSE DEBUG OBJECTEXTEND

line level    source

   1          #include "reg51.h"
   2          #define uint8 unsigned char
   3          #define uint32 unsigned int
   4          
   5          /*  原理解释    H:行    L:列
   6          
   7                  初始状态：
   8                  H3 H2 H1 H0 L3 L2 L1 L0
   9                  1  1  1  1  0  0  0  0  -->0xF0
  10                  0  0  0  0  1  1  1  1  -->0x0F
  11          
  12                  当第一行第一列被按下时：
  13                  H3 H2 H1 H0 L3 L2 L1 L0
  14                  1  1  1  0  0  0  0  0  -->0xE0
  15                  0  0  0  0  1  1  1  0  -->0x0E
  16                  按位或后：
  17                  1  1  1  0  1  1  1  0  -->0xEE
  18          
  19                  当第一行第二列被按下时：
  20                  H3 H2 H1 H0 L3 L2 L1 L0
  21                  1  1  1  0  0  0  0  0  -->0xE0
  22                  0  0  0  0  1  1  0  1  -->0x0D
  23                  按位或后：
  24                  1  1  1  0  1  1  0  1  -->0xED
  25          
  26          */
  27          
  28          uint8 seg[]={0x3F,0x06,0x5B,
  29                                   0x4F,0x66,0x6D,
  30                                   0x7D,0x07,0x7F,0x6F};
  31          void delay(uint32);
  32          void display(uint8);
  33          void key_scan();
  34          
  35          int main()
  36          {
  37   1              P2 = 0x00;
  38   1              while(1)
  39   1              {
  40   2                      key_scan();
  41   2              }
  42   1      }
  43          
  44          void delay(uint32 n)
  45          {
  46   1              uint32 i = 0, j = 0;
  47   1              for(i = 0; i < n; i++)
  48   1                      for(j = 0; j < 120; j++);
  49   1      }
  50          
  51          void display(uint8 temp)
  52          {
  53   1              switch(temp)
  54   1              {
  55   2                      case 0xEE: P2 = seg[0]; break;
C51 COMPILER V9.01   KEYBOARD                                                              10/23/2020 19:21:19 PAGE 2   

  56   2                      case 0xED: P2 = seg[1]; break;
  57   2                      default: break;
  58   2              }
  59   1      }
  60          
  61          void key_scan()
  62          {
  63   1              uint8 temp0 = 0, temp1 = 0, temp = 0;
  64   1              P1 = 0xF0;
  65   1              if(P1 != 0xF0)
  66   1              {
  67   2                      delay(20);
  68   2                      temp0 = P1;
  69   2                      P1 = 0x0F;
  70   2                      if(P1 != 0x0F)
  71   2                              temp1 = P1;
  72   2              }
  73   1              temp = temp0 + temp1;
  74   1              display(temp);
  75   1      }


MODULE INFORMATION:   STATIC OVERLAYABLE
   CODE SIZE        =     97    ----
   CONSTANT SIZE    =   ----    ----
   XDATA SIZE       =   ----    ----
   PDATA SIZE       =   ----    ----
   DATA SIZE        =     10       1
   IDATA SIZE       =   ----    ----
   BIT SIZE         =   ----    ----
END OF MODULE INFORMATION.


C51 COMPILATION COMPLETE.  0 WARNING(S),  0 ERROR(S)
