C51 COMPILER V9.01   COUNTER                                                               09/25/2020 20:46:31 PAGE 1   


C51 COMPILER V9.01, COMPILATION OF MODULE COUNTER
OBJECT MODULE PLACED IN counter.OBJ
COMPILER INVOKED BY: C:\Keil\C51\BIN\C51.EXE counter.c BROWSE DEBUG OBJECTEXTEND

line level    source

   1          #include "reg51.h"
   2          unsigned char num = 0;
   3          unsigned char seg[]={0x3F, 0x06, 0x5B, 
   4                                                   0x4F, 0x66, 0x6D, 
   5                                                   0x7D, 0x07, 0x7F, 0x6F};  // seg共阴接法
   6          void init_counter();
   7          void display();
   8          
   9          void main()
  10          {
  11   1              init_counter();
  12   1              while(1)
  13   1                      display();
  14   1      }
  15          
  16          void init_counter()
  17          {
  18   1              TMOD = 0x06; // 0000 0110
  19   1              TH0 = 256 - 1;
  20   1              TL0 = 256 - 1;
  21   1              ET0 = 1; // 开启定时器0的中断
  22   1              EA = 1; // 开启总中断
  23   1              TR0 = 1; // 启动定时器0
  24   1      }
  25          
  26          void display()
  27          {
  28   1              P2 = seg[num];
  29   1              if(num == 10)
  30   1                      num = 0;
  31   1      }
  32          
  33          //0表示外部中断0，1表示定时器中断0，2表示外部中断1，3表示 定时器中断1，4表示串口中断
  34          void counter_isr() interrupt 1
  35          {
  36   1              num++;
  37   1      }


MODULE INFORMATION:   STATIC OVERLAYABLE
   CODE SIZE        =     44    ----
   CONSTANT SIZE    =   ----    ----
   XDATA SIZE       =   ----    ----
   PDATA SIZE       =   ----    ----
   DATA SIZE        =     11    ----
   IDATA SIZE       =   ----    ----
   BIT SIZE         =   ----    ----
END OF MODULE INFORMATION.


C51 COMPILATION COMPLETE.  0 WARNING(S),  0 ERROR(S)
