C51 COMPILER V9.01   MULTISEG                                                              10/23/2020 19:42:05 PAGE 1   


C51 COMPILER V9.01, COMPILATION OF MODULE MULTISEG
OBJECT MODULE PLACED IN multiseg.OBJ
COMPILER INVOKED BY: C:\Program Files\Keil\C51\BIN\C51.EXE multiseg.c BROWSE DEBUG OBJECTEXTEND

line level    source

   1          #include "reg51.h"
   2          #define uint32 unsigned int
   3          #define uint8 unsigned char
   4          uint8 seg[]={0x3F, 0x06, 0x5B, 
   5                                   0x4F, 0x66, 0x6D, 
   6                                   0x7D, 0x07, 0x7F, 0x6F};  // seg共阴接法
   7          uint8 order[]={0x0E, 0x0D, 0x0B, 0x07};
   8          uint32 num = 0;
   9          uint8 count = 0;
  10          
  11          sbit dula = P2^6; // 段选口
  12          sbit wela = P2^7; // 位选口
  13          
  14          void init_seg();
  15          void delay(uint32);
  16          void init_timer();
  17          void display(uint8, uint8);
  18          
  19          void main()
  20          {
  21   1              uint8 i = 0;
  22   1              init_seg();
  23   1              init_timer();
  24   1              while(1)
  25   1              {
  26   2                      display(num/1000, 0);      //千位
  27   2                      display(num/100%10, 1);         //百位
  28   2                      display(num/10%10, 2);     //十位
  29   2                      display(num%10, 3);        //个位
  30   2                      if(num == 10000)
  31   2                              num = 0;  
  32   2              }       
  33   1      }
  34          
  35          void init_seg()
  36          {
  37   1              dula = 1;
  38   1              P0 = 0x3F;
  39   1              dula = 0;
  40   1      
  41   1              wela = 1;
  42   1              P0 = 0x0F;
  43   1              wela = 0;
  44   1      }
  45          
  46          
  47          void init_timer()
  48          {
  49   1              EA = 1; // 开启总中断
  50   1              ET0 = 1; // 开启定时器0中断
  51   1              TMOD = 0x01; // 配置定时器0
  52   1              TH0 = (65536 - 50000) / 256;
  53   1              TL0 = (65536 - 50000) % 256;
  54   1              TR0 = 1; // 开启定时器0
  55   1      }
C51 COMPILER V9.01   MULTISEG                                                              10/23/2020 19:42:05 PAGE 2   

  56          
  57          
  58          void delay(uint32 n)
  59          {
  60   1              uint32 i = 0, j = 0;
  61   1              for(i = 0; i < n; ++i)
  62   1                      for(j = 0; j < 70; ++j);
  63   1      }
  64          
  65          
  66          void display(uint8 n, uint8 i)
  67          {
  68   1              //if(n != 0)
  69   1              {
  70   2                      wela = 1;
  71   2                      P0 = order[i];
  72   2                      wela = 0;
  73   2                      dula = 1;
  74   2                      P0 = seg[n];
  75   2                      dula = 0;       
  76   2              }
  77   1              delay(10);
  78   1      }
  79          
  80          
  81          void timer_isr() interrupt 1
  82          {
  83   1              TH0 = (65536 - 50000) / 256;
  84   1              TL0 = (65536 - 50000) % 256;
  85   1              count++;
  86   1              if(count == 20)
  87   1              {
  88   2                      num++;
  89   2                      count = 0;
  90   2              }
  91   1      }


MODULE INFORMATION:   STATIC OVERLAYABLE
   CODE SIZE        =    235    ----
   CONSTANT SIZE    =   ----    ----
   XDATA SIZE       =   ----    ----
   PDATA SIZE       =   ----    ----
   DATA SIZE        =     17       1
   IDATA SIZE       =   ----    ----
   BIT SIZE         =   ----    ----
END OF MODULE INFORMATION.


C51 COMPILATION COMPLETE.  0 WARNING(S),  0 ERROR(S)
